<?xml version="1.0" encoding="UTF-8"?>
<testsuite name="com.GameLogicTest" tests="6" skipped="0" failures="0" errors="0" timestamp="2022-09-29T16:28:52" hostname="DESKTOP-02V1648" time="0.04">
  <properties/>
  <testcase name="gameTestRefuseSum()" classname="com.GameLogicTest" time="0.024"/>
  <testcase name="shouldReturnNullIfWrongAnswer()" classname="com.GameLogicTest" time="0.004"/>
  <testcase name="gameTestRefuseAnswer()" classname="com.GameLogicTest" time="0.003"/>
  <testcase name="gameTestAskSum()" classname="com.GameLogicTest" time="0.001"/>
  <testcase name="gameTestAskAnswer()" classname="com.GameLogicTest" time="0.002"/>
  <testcase name="shouldReturnNullIfWrongAnswerPath()" classname="com.GameLogicTest" time="0.001"/>
  <system-out><![CDATA[]]></system-out>
  <system-err><![CDATA[]]></system-err>
</testsuite>
